Performing C SOURCE FILE Test RIGHT_SHIFT_IS_UNSIGNED failed with the following output:
Change Dir: /home/yingchen/wrapper_libjpeg/arm_pac/libjpeg-turbo/build/CMakeFiles/CMakeTmp

Run Build Command:"/usr/bin/make" "cmTC_111d5/fast"
/usr/bin/make -f CMakeFiles/cmTC_111d5.dir/build.make CMakeFiles/cmTC_111d5.dir/build
make[1]: Entering directory '/home/yingchen/wrapper_libjpeg/arm_pac/libjpeg-turbo/build/CMakeFiles/CMakeTmp'
Building C object CMakeFiles/cmTC_111d5.dir/src.c.o
/usr/bin/cc   -DRIGHT_SHIFT_IS_UNSIGNED   -o CMakeFiles/cmTC_111d5.dir/src.c.o   -c /home/yingchen/wrapper_libjpeg/arm_pac/libjpeg-turbo/build/CMakeFiles/CMakeTmp/src.c
Linking C executable cmTC_111d5
/usr/bin/cmake -E cmake_link_script CMakeFiles/cmTC_111d5.dir/link.txt --verbose=1
/usr/bin/cc  -DRIGHT_SHIFT_IS_UNSIGNED    -rdynamic CMakeFiles/cmTC_111d5.dir/src.c.o  -o cmTC_111d5 
make[1]: Leaving directory '/home/yingchen/wrapper_libjpeg/arm_pac/libjpeg-turbo/build/CMakeFiles/CMakeTmp'

Return value: 1
Source file was:

      #include <stdio.h>
      #include <stdlib.h>
      int is_shifting_signed (long arg) {
        long res = arg >> 4;
        if (res == -0x7F7E80CL)
          return 1; /* right shift is signed */
        /* see if unsigned-shift hack will fix it. */
        /* we can't just test exact value since it depends on width of long... */
        res |= (~0L) << (32-4);
        if (res == -0x7F7E80CL)
          return 0; /* right shift is unsigned */
        printf("Right shift isn't acting as I expect it to.\n");
        printf("I fear the JPEG software will not work at all.\n\n");
        return 0; /* try it with unsigned anyway */
      }
      int main (void) {
        exit(is_shifting_signed(-0x7F7E80B1L));
      }
Determining if the vld1_s16_x3 exist failed with the following output:
Change Dir: /home/yingchen/wrapper_libjpeg/arm_pac/libjpeg-turbo/build/CMakeFiles/CMakeTmp

Run Build Command:"/usr/bin/make" "cmTC_3668b/fast"
/usr/bin/make -f CMakeFiles/cmTC_3668b.dir/build.make CMakeFiles/cmTC_3668b.dir/build
make[1]: Entering directory '/home/yingchen/wrapper_libjpeg/arm_pac/libjpeg-turbo/build/CMakeFiles/CMakeTmp'
Building C object CMakeFiles/cmTC_3668b.dir/CheckSymbolExists.c.o
/usr/bin/cc    -o CMakeFiles/cmTC_3668b.dir/CheckSymbolExists.c.o   -c /home/yingchen/wrapper_libjpeg/arm_pac/libjpeg-turbo/build/CMakeFiles/CMakeTmp/CheckSymbolExists.c
/home/yingchen/wrapper_libjpeg/arm_pac/libjpeg-turbo/build/CMakeFiles/CMakeTmp/CheckSymbolExists.c: In function ‘main’:
/home/yingchen/wrapper_libjpeg/arm_pac/libjpeg-turbo/build/CMakeFiles/CMakeTmp/CheckSymbolExists.c:8:19: error: ‘vld1_s16_x3’ undeclared (first use in this function); did you mean ‘vld1_s16’?
   return ((int*)(&vld1_s16_x3))[argc];
                   ^~~~~~~~~~~
                   vld1_s16
/home/yingchen/wrapper_libjpeg/arm_pac/libjpeg-turbo/build/CMakeFiles/CMakeTmp/CheckSymbolExists.c:8:19: note: each undeclared identifier is reported only once for each function it appears in
CMakeFiles/cmTC_3668b.dir/build.make:65: recipe for target 'CMakeFiles/cmTC_3668b.dir/CheckSymbolExists.c.o' failed
make[1]: *** [CMakeFiles/cmTC_3668b.dir/CheckSymbolExists.c.o] Error 1
make[1]: Leaving directory '/home/yingchen/wrapper_libjpeg/arm_pac/libjpeg-turbo/build/CMakeFiles/CMakeTmp'
Makefile:126: recipe for target 'cmTC_3668b/fast' failed
make: *** [cmTC_3668b/fast] Error 2

File /home/yingchen/wrapper_libjpeg/arm_pac/libjpeg-turbo/build/CMakeFiles/CMakeTmp/CheckSymbolExists.c:
/* */
#include <arm_neon.h>

int main(int argc, char** argv)
{
  (void)argv;
#ifndef vld1_s16_x3
  return ((int*)(&vld1_s16_x3))[argc];
#else
  (void)argc;
  return 0;
#endif
}

Determining if the vld1_u16_x2 exist failed with the following output:
Change Dir: /home/yingchen/wrapper_libjpeg/arm_pac/libjpeg-turbo/build/CMakeFiles/CMakeTmp

Run Build Command:"/usr/bin/make" "cmTC_89608/fast"
/usr/bin/make -f CMakeFiles/cmTC_89608.dir/build.make CMakeFiles/cmTC_89608.dir/build
make[1]: Entering directory '/home/yingchen/wrapper_libjpeg/arm_pac/libjpeg-turbo/build/CMakeFiles/CMakeTmp'
Building C object CMakeFiles/cmTC_89608.dir/CheckSymbolExists.c.o
/usr/bin/cc    -o CMakeFiles/cmTC_89608.dir/CheckSymbolExists.c.o   -c /home/yingchen/wrapper_libjpeg/arm_pac/libjpeg-turbo/build/CMakeFiles/CMakeTmp/CheckSymbolExists.c
/home/yingchen/wrapper_libjpeg/arm_pac/libjpeg-turbo/build/CMakeFiles/CMakeTmp/CheckSymbolExists.c: In function ‘main’:
/home/yingchen/wrapper_libjpeg/arm_pac/libjpeg-turbo/build/CMakeFiles/CMakeTmp/CheckSymbolExists.c:8:19: error: ‘vld1_u16_x2’ undeclared (first use in this function); did you mean ‘vld1_u16’?
   return ((int*)(&vld1_u16_x2))[argc];
                   ^~~~~~~~~~~
                   vld1_u16
/home/yingchen/wrapper_libjpeg/arm_pac/libjpeg-turbo/build/CMakeFiles/CMakeTmp/CheckSymbolExists.c:8:19: note: each undeclared identifier is reported only once for each function it appears in
CMakeFiles/cmTC_89608.dir/build.make:65: recipe for target 'CMakeFiles/cmTC_89608.dir/CheckSymbolExists.c.o' failed
make[1]: *** [CMakeFiles/cmTC_89608.dir/CheckSymbolExists.c.o] Error 1
make[1]: Leaving directory '/home/yingchen/wrapper_libjpeg/arm_pac/libjpeg-turbo/build/CMakeFiles/CMakeTmp'
Makefile:126: recipe for target 'cmTC_89608/fast' failed
make: *** [cmTC_89608/fast] Error 2

File /home/yingchen/wrapper_libjpeg/arm_pac/libjpeg-turbo/build/CMakeFiles/CMakeTmp/CheckSymbolExists.c:
/* */
#include <arm_neon.h>

int main(int argc, char** argv)
{
  (void)argv;
#ifndef vld1_u16_x2
  return ((int*)(&vld1_u16_x2))[argc];
#else
  (void)argc;
  return 0;
#endif
}

Determining if the vld1q_u8_x4 exist failed with the following output:
Change Dir: /home/yingchen/wrapper_libjpeg/arm_pac/libjpeg-turbo/build/CMakeFiles/CMakeTmp

Run Build Command:"/usr/bin/make" "cmTC_6d069/fast"
/usr/bin/make -f CMakeFiles/cmTC_6d069.dir/build.make CMakeFiles/cmTC_6d069.dir/build
make[1]: Entering directory '/home/yingchen/wrapper_libjpeg/arm_pac/libjpeg-turbo/build/CMakeFiles/CMakeTmp'
Building C object CMakeFiles/cmTC_6d069.dir/CheckSymbolExists.c.o
/usr/bin/cc    -o CMakeFiles/cmTC_6d069.dir/CheckSymbolExists.c.o   -c /home/yingchen/wrapper_libjpeg/arm_pac/libjpeg-turbo/build/CMakeFiles/CMakeTmp/CheckSymbolExists.c
/home/yingchen/wrapper_libjpeg/arm_pac/libjpeg-turbo/build/CMakeFiles/CMakeTmp/CheckSymbolExists.c: In function ‘main’:
/home/yingchen/wrapper_libjpeg/arm_pac/libjpeg-turbo/build/CMakeFiles/CMakeTmp/CheckSymbolExists.c:8:19: error: ‘vld1q_u8_x4’ undeclared (first use in this function); did you mean ‘vld1q_u64’?
   return ((int*)(&vld1q_u8_x4))[argc];
                   ^~~~~~~~~~~
                   vld1q_u64
/home/yingchen/wrapper_libjpeg/arm_pac/libjpeg-turbo/build/CMakeFiles/CMakeTmp/CheckSymbolExists.c:8:19: note: each undeclared identifier is reported only once for each function it appears in
CMakeFiles/cmTC_6d069.dir/build.make:65: recipe for target 'CMakeFiles/cmTC_6d069.dir/CheckSymbolExists.c.o' failed
make[1]: *** [CMakeFiles/cmTC_6d069.dir/CheckSymbolExists.c.o] Error 1
make[1]: Leaving directory '/home/yingchen/wrapper_libjpeg/arm_pac/libjpeg-turbo/build/CMakeFiles/CMakeTmp'
Makefile:126: recipe for target 'cmTC_6d069/fast' failed
make: *** [cmTC_6d069/fast] Error 2

File /home/yingchen/wrapper_libjpeg/arm_pac/libjpeg-turbo/build/CMakeFiles/CMakeTmp/CheckSymbolExists.c:
/* */
#include <arm_neon.h>

int main(int argc, char** argv)
{
  (void)argv;
#ifndef vld1q_u8_x4
  return ((int*)(&vld1q_u8_x4))[argc];
#else
  (void)argc;
  return 0;
#endif
}

